Flow report for Dpsk
Wed Sep 30 16:54:30 2020
Quartus II 64-Bit Version 15.0.0 Build 145 04/22/2015 SJ Full Version


---------------------
; Table of Contents ;
---------------------
  1. Legal Notice
  2. Flow Summary
  3. Flow Settings
  4. Flow Non-Default Global Settings
  5. Flow Elapsed Time
  6. Flow OS Summary
  7. Flow Log
  8. Flow Messages
  9. Flow Suppressed Messages



----------------
; Legal Notice ;
----------------
Copyright (C) 1991-2015 Altera Corporation. All rights reserved.
Your use of Altera Corporation's design tools, logic functions 
and other software and tools, and its AMPP partner logic 
functions, and any output files from any of the foregoing 
(including device programming or simulation files), and any 
associated documentation or information are expressly subject 
to the terms and conditions of the Altera Program License 
Subscription Agreement, the Altera Quartus II License Agreement,
the Altera MegaCore Function License Agreement, or other 
applicable license agreement, including, without limitation, 
that your use is for the sole purpose of programming logic 
devices manufactured by Altera and sold by Altera or its 
authorized distributors.  Please refer to the applicable 
agreement for further details.



+----------------------------------------------------------------------------------+
; Flow Summary                                                                     ;
+------------------------------------+---------------------------------------------+
; Flow Status                        ; Successful - Wed Sep 30 16:54:30 2020       ;
; Quartus II 64-Bit Version          ; 15.0.0 Build 145 04/22/2015 SJ Full Version ;
; Revision Name                      ; Dpsk                                        ;
; Top-level Entity Name              ; Dpsk                                        ;
; Family                             ; Cyclone IV E                                ;
; Device                             ; EP4CE115F29I7                               ;
; Timing Models                      ; Final                                       ;
; Total logic elements               ; 2,722 / 114,480 ( 2 % )                     ;
;     Total combinational functions  ; 1,950 / 114,480 ( 2 % )                     ;
;     Dedicated logic registers      ; 2,712 / 114,480 ( 2 % )                     ;
; Total registers                    ; 2712                                        ;
; Total pins                         ; 94 / 529 ( 18 % )                           ;
; Total virtual pins                 ; 0                                           ;
; Total memory bits                  ; 20,480 / 3,981,312 ( < 1 % )                ;
; Embedded Multiplier 9-bit elements ; 4 / 532 ( < 1 % )                           ;
; Total PLLs                         ; 0 / 4 ( 0 % )                               ;
+------------------------------------+---------------------------------------------+


+-----------------------------------------+
; Flow Settings                           ;
+-------------------+---------------------+
; Option            ; Setting             ;
+-------------------+---------------------+
; Start date & time ; 09/30/2020 16:53:25 ;
; Main task         ; Compilation         ;
; Revision Name     ; Dpsk                ;
+-------------------+---------------------+


+------------------------------------------------------------------------------------------------------------------------------------------------+
; Flow Non-Default Global Settings                                                                                                               ;
+--------------------------------------+----------------------------------------------------------+---------------+-------------+----------------+
; Assignment Name                      ; Value                                                    ; Default Value ; Entity Name ; Section Id     ;
+--------------------------------------+----------------------------------------------------------+---------------+-------------+----------------+
; COMPILER_SIGNATURE_ID                ; 1096293369601.160145600516856                            ; --            ; --          ; --             ;
; EDA_DESIGN_INSTANCE_NAME             ; NA                                                       ; --            ; --          ; Dpsk_vlg_tst   ;
; EDA_NATIVELINK_SIMULATION_TEST_BENCH ; Dpsk_vlg_tst                                             ; --            ; --          ; eda_simulation ;
; EDA_OUTPUT_DATA_FORMAT               ; Verilog Hdl                                              ; --            ; --          ; eda_simulation ;
; EDA_SIMULATION_TOOL                  ; ModelSim-Altera (Verilog)                                ; <None>        ; --          ; --             ;
; EDA_TEST_BENCH_ENABLE_STATUS         ; TEST_BENCH_MODE                                          ; --            ; --          ; eda_simulation ;
; EDA_TEST_BENCH_FILE                  ; simulation/modelsim/Dpsk_vlg_tst.vt                      ; --            ; --          ; Dpsk_vlg_tst   ;
; EDA_TEST_BENCH_MODULE_NAME           ; Dpsk_vlg_tst                                             ; --            ; --          ; Dpsk_vlg_tst   ;
; EDA_TEST_BENCH_NAME                  ; Dpsk_vlg_tst                                             ; --            ; --          ; eda_simulation ;
; EDA_TEST_BENCH_RUN_SIM_FOR           ; 10 ms                                                    ; --            ; --          ; Dpsk_vlg_tst   ;
; EDA_TIME_SCALE                       ; 1 ps                                                     ; --            ; --          ; eda_simulation ;
; MAX_CORE_JUNCTION_TEMP               ; 100                                                      ; --            ; --          ; --             ;
; MIN_CORE_JUNCTION_TEMP               ; -40                                                      ; --            ; --          ; --             ;
; MISC_FILE                            ; mult.bsf                                                 ; --            ; --          ; --             ;
; MISC_FILE                            ; mult_inst.v                                              ; --            ; --          ; --             ;
; MISC_FILE                            ; mult_bb.v                                                ; --            ; --          ; --             ;
; MISC_FILE                            ; my_nco/synthesis/../my_nco.cmp                           ; --            ; --          ; --             ;
; MISC_FILE                            ; my_nco/synthesis/../../my_nco.qsys                       ; --            ; --          ; --             ;
; MISC_FILE                            ; my_nco/simulation/../../my_nco.qsys                      ; --            ; --          ; --             ;
; MISC_FILE                            ; my_nco/simulation/my_nco.v                               ; --            ; --          ; --             ;
; MISC_FILE                            ; my_nco/simulation/submodules/my_nco_nco_ii_0_sin.hex     ; --            ; --          ; --             ;
; MISC_FILE                            ; my_nco/simulation/submodules/my_nco_nco_ii_0_cos.hex     ; --            ; --          ; --             ;
; MISC_FILE                            ; my_nco/simulation/submodules/my_nco_nco_ii_0_tb.vhd      ; --            ; --          ; --             ;
; MISC_FILE                            ; my_nco/simulation/submodules/my_nco_nco_ii_0.vo          ; --            ; --          ; --             ;
; MISC_FILE                            ; my_fir.cmp                                               ; --            ; --          ; --             ;
; NOMINAL_CORE_SUPPLY_VOLTAGE          ; 1.2V                                                     ; --            ; --          ; --             ;
; PARTITION_COLOR                      ; 16764057                                                 ; --            ; --          ; Top            ;
; PARTITION_FITTER_PRESERVATION_LEVEL  ; PLACEMENT_AND_ROUTING                                    ; --            ; --          ; Top            ;
; PARTITION_NETLIST_TYPE               ; SOURCE                                                   ; --            ; --          ; Top            ;
; POWER_BOARD_THERMAL_MODEL            ; None (CONSERVATIVE)                                      ; --            ; --          ; --             ;
; POWER_PRESET_COOLING_SOLUTION        ; 23 MM HEAT SINK WITH 200 LFPM AIRFLOW                    ; --            ; --          ; --             ;
; PROJECT_OUTPUT_DIRECTORY             ; output_files                                             ; --            ; --          ; --             ;
; SLD_FILE                             ; my_nco/synthesis/my_nco.debuginfo                        ; --            ; --          ; --             ;
; SLD_INFO                             ; QSYS_NAME my_nco HAS_SOPCINFO 1 GENERATION_ID 1601446879 ; --            ; my_nco      ; --             ;
; SOPCINFO_FILE                        ; my_nco/synthesis/../../my_nco.sopcinfo                   ; --            ; --          ; --             ;
; SPD_FILE                             ; my_nco/simulation/../my_nco.spd                          ; --            ; --          ; --             ;
; SPD_FILE                             ; my_fir.spd                                               ; --            ; --          ; --             ;
; SYNTHESIS_ONLY_QIP                   ; On                                                       ; --            ; --          ; --             ;
; SYNTHESIS_ONLY_QIP                   ; On                                                       ; --            ; --          ; --             ;
+--------------------------------------+----------------------------------------------------------+---------------+-------------+----------------+


+-------------------------------------------------------------------------------------------------------------------------------+
; Flow Elapsed Time                                                                                                             ;
+---------------------------+--------------+-------------------------+---------------------+------------------------------------+
; Module Name               ; Elapsed Time ; Average Processors Used ; Peak Virtual Memory ; Total CPU Time (on all processors) ;
+---------------------------+--------------+-------------------------+---------------------+------------------------------------+
; Analysis & Synthesis      ; 00:00:16     ; 1.0                     ; 4910 MB             ; 00:00:32                           ;
; Fitter                    ; 00:00:23     ; 1.1                     ; 5870 MB             ; 00:00:29                           ;
; Assembler                 ; 00:00:05     ; 1.0                     ; 4777 MB             ; 00:00:05                           ;
; TimeQuest Timing Analyzer ; 00:00:04     ; 1.0                     ; 4985 MB             ; 00:00:04                           ;
; EDA Netlist Writer        ; 00:00:08     ; 1.0                     ; 4760 MB             ; 00:00:05                           ;
; Total                     ; 00:00:56     ; --                      ; --                  ; 00:01:15                           ;
+---------------------------+--------------+-------------------------+---------------------+------------------------------------+


+----------------------------------------------------------------------------------------+
; Flow OS Summary                                                                        ;
+---------------------------+------------------+-----------+------------+----------------+
; Module Name               ; Machine Hostname ; OS Name   ; OS Version ; Processor type ;
+---------------------------+------------------+-----------+------------+----------------+
; Analysis & Synthesis      ; DESKTOP-67940G8  ; Windows 7 ; 6.2        ; x86_64         ;
; Fitter                    ; DESKTOP-67940G8  ; Windows 7 ; 6.2        ; x86_64         ;
; Assembler                 ; DESKTOP-67940G8  ; Windows 7 ; 6.2        ; x86_64         ;
; TimeQuest Timing Analyzer ; DESKTOP-67940G8  ; Windows 7 ; 6.2        ; x86_64         ;
; EDA Netlist Writer        ; DESKTOP-67940G8  ; Windows 7 ; 6.2        ; x86_64         ;
+---------------------------+------------------+-----------+------------+----------------+


------------
; Flow Log ;
------------
quartus_map --read_settings_files=on --write_settings_files=off Dpsk -c Dpsk
quartus_fit --read_settings_files=off --write_settings_files=off Dpsk -c Dpsk
quartus_asm --read_settings_files=off --write_settings_files=off Dpsk -c Dpsk
quartus_sta Dpsk -c Dpsk
quartus_eda --read_settings_files=off --write_settings_files=off Dpsk -c Dpsk



